[2015-08-10 11:35:27] local.ERROR: exception 'ErrorException' with message 'Undefined variable: name' in G:\WWW\laravel_study\app\Http\routes.php:15
Stack trace:
#0 G:\WWW\laravel_study\app\Http\routes.php(15): Illuminate\Foundation\Bootstrap\HandleExceptions->handleError(8, 'Undefined varia...', 'G:\\WWW\\laravel_...', 15, Array)
#1 [internal function]: App\Providers\RouteServiceProvider->{closure}('gxy')
#2 G:\WWW\laravel_study\vendor\laravel\framework\src\Illuminate\Routing\Route.php(155): call_user_func_array(Object(Closure), Array)
#3 G:\WWW\laravel_study\vendor\laravel\framework\src\Illuminate\Routing\Route.php(130): Illuminate\Routing\Route->runCallable(Object(Illuminate\Http\Request))
#4 G:\WWW\laravel_study\vendor\laravel\framework\src\Illuminate\Routing\Router.php(704): Illuminate\Routing\Route->run(Object(Illuminate\Http\Request))
#5 [internal function]: Illuminate\Routing\Router->Illuminate\Routing\{closure}(Object(Illuminate\Http\Request))
#6 G:\WWW\laravel_study\vendor\laravel\framework\src\Illuminate\Pipeline\Pipeline.php(139): call_user_func(Object(Closure), Object(Illuminate\Http\Request))
#7 [internal function]: Illuminate\Pipeline\Pipeline->Illuminate\Pipeline\{closure}(Object(Illuminate\Http\Request))
#8 G:\WWW\laravel_study\vendor\laravel\framework\src\Illuminate\Pipeline\Pipeline.php(103): call_user_func(Object(Closure), Object(Illuminate\Http\Request))
#9 G:\WWW\laravel_study\vendor\laravel\framework\src\Illuminate\Routing\Router.php(706): Illuminate\Pipeline\Pipeline->then(Object(Closure))
#10 G:\WWW\laravel_study\vendor\laravel\framework\src\Illuminate\Routing\Router.php(671): Illuminate\Routing\Router->runRouteWithinStack(Object(Illuminate\Routing\Route), Object(Illuminate\Http\Request))
#11 G:\WWW\laravel_study\vendor\laravel\framework\src\Illuminate\Routing\Router.php(631): Illuminate\Routing\Router->dispatchToRoute(Object(Illuminate\Http\Request))
#12 G:\WWW\laravel_study\vendor\laravel\framework\src\Illuminate\Foundation\Http\Kernel.php(236): Illuminate\Routing\Router->dispatch(Object(Illuminate\Http\Request))
#13 [internal function]: Illuminate\Foundation\Http\Kernel->Illuminate\Foundation\Http\{closure}(Object(Illuminate\Http\Request))
#14 G:\WWW\laravel_study\vendor\laravel\framework\src\Illuminate\Pipeline\Pipeline.php(139): call_user_func(Object(Closure), Object(Illuminate\Http\Request))
#15 G:\WWW\laravel_study\vendor\laravel\framework\src\Illuminate\Foundation\Http\Middleware\VerifyCsrfToken.php(50): Illuminate\Pipeline\Pipeline->Illuminate\Pipeline\{closure}(Object(Illuminate\Http\Request))
#16 [internal function]: Illuminate\Foundation\Http\Middleware\VerifyCsrfToken->handle(Object(Illuminate\Http\Request), Object(Closure))
#17 G:\WWW\laravel_study\vendor\laravel\framework\src\Illuminate\Pipeline\Pipeline.php(124): call_user_func_array(Array, Array)
#18 G:\WWW\laravel_study\vendor\laravel\framework\src\Illuminate\View\Middleware\ShareErrorsFromSession.php(54): Illuminate\Pipeline\Pipeline->Illuminate\Pipeline\{closure}(Object(Illuminate\Http\Request))
#19 [internal function]: Illuminate\View\Middleware\ShareErrorsFromSession->handle(Object(Illuminate\Http\Request), Object(Closure))
#20 G:\WWW\laravel_study\vendor\laravel\framework\src\Illuminate\Pipeline\Pipeline.php(124): call_user_func_array(Array, Array)
#21 G:\WWW\laravel_study\vendor\laravel\framework\src\Illuminate\Session\Middleware\StartSession.php(62): Illuminate\Pipeline\Pipeline->Illuminate\Pipeline\{closure}(Object(Illuminate\Http\Request))
#22 [internal function]: Illuminate\Session\Middleware\StartSession->handle(Object(Illuminate\Http\Request), Object(Closure))
#23 G:\WWW\laravel_study\vendor\laravel\framework\src\Illuminate\Pipeline\Pipeline.php(124): call_user_func_array(Array, Array)
#24 G:\WWW\laravel_study\vendor\laravel\framework\src\Illuminate\Cookie\Middleware\AddQueuedCookiesToResponse.php(37): Illuminate\Pipeline\Pipeline->Illuminate\Pipeline\{closure}(Object(Illuminate\Http\Request))
#25 [internal function]: Illuminate\Cookie\Middleware\AddQueuedCookiesToResponse->handle(Object(Illuminate\Http\Request), Object(Closure))
#26 G:\WWW\laravel_study\vendor\laravel\framework\src\Illuminate\Pipeline\Pipeline.php(124): call_user_func_array(Array, Array)
#27 G:\WWW\laravel_study\vendor\laravel\framework\src\Illuminate\Cookie\Middleware\EncryptCookies.php(59): Illuminate\Pipeline\Pipeline->Illuminate\Pipeline\{closure}(Object(Illuminate\Http\Request))
#28 [internal function]: Illuminate\Cookie\Middleware\EncryptCookies->handle(Object(Illuminate\Http\Request), Object(Closure))
#29 G:\WWW\laravel_study\vendor\laravel\framework\src\Illuminate\Pipeline\Pipeline.php(124): call_user_func_array(Array, Array)
#30 G:\WWW\laravel_study\vendor\laravel\framework\src\Illuminate\Foundation\Http\Middleware\CheckForMaintenanceMode.php(42): Illuminate\Pipeline\Pipeline->Illuminate\Pipeline\{closure}(Object(Illuminate\Http\Request))
#31 [internal function]: Illuminate\Foundation\Http\Middleware\CheckForMaintenanceMode->handle(Object(Illuminate\Http\Request), Object(Closure))
#32 G:\WWW\laravel_study\vendor\laravel\framework\src\Illuminate\Pipeline\Pipeline.php(124): call_user_func_array(Array, Array)
#33 [internal function]: Illuminate\Pipeline\Pipeline->Illuminate\Pipeline\{closure}(Object(Illuminate\Http\Request))
#34 G:\WWW\laravel_study\vendor\laravel\framework\src\Illuminate\Pipeline\Pipeline.php(103): call_user_func(Object(Closure), Object(Illuminate\Http\Request))
#35 G:\WWW\laravel_study\vendor\laravel\framework\src\Illuminate\Foundation\Http\Kernel.php(122): Illuminate\Pipeline\Pipeline->then(Object(Closure))
#36 G:\WWW\laravel_study\vendor\laravel\framework\src\Illuminate\Foundation\Http\Kernel.php(87): Illuminate\Foundation\Http\Kernel->sendRequestThroughRouter(Object(Illuminate\Http\Request))
#37 G:\WWW\laravel_study\public\index.php(54): Illuminate\Foundation\Http\Kernel->handle(Object(Illuminate\Http\Request))
#38 G:\WWW\laravel_study\server.php(21): require_once('G:\\WWW\\laravel_...')
#39 {main}  
[2015-08-10 11:36:08] local.ERROR: exception 'ErrorException' with message 'Undefined variable: name' in G:\WWW\laravel_study\app\Http\routes.php:15
Stack trace:
#0 G:\WWW\laravel_study\app\Http\routes.php(15): Illuminate\Foundation\Bootstrap\HandleExceptions->handleError(8, 'Undefined varia...', 'G:\\WWW\\laravel_...', 15, Array)
#1 [internal function]: App\Providers\RouteServiceProvider->{closure}('gxy')
#2 G:\WWW\laravel_study\vendor\laravel\framework\src\Illuminate\Routing\Route.php(155): call_user_func_array(Object(Closure), Array)
#3 G:\WWW\laravel_study\vendor\laravel\framework\src\Illuminate\Routing\Route.php(130): Illuminate\Routing\Route->runCallable(Object(Illuminate\Http\Request))
#4 G:\WWW\laravel_study\vendor\laravel\framework\src\Illuminate\Routing\Router.php(704): Illuminate\Routing\Route->run(Object(Illuminate\Http\Request))
#5 [internal function]: Illuminate\Routing\Router->Illuminate\Routing\{closure}(Object(Illuminate\Http\Request))
#6 G:\WWW\laravel_study\vendor\laravel\framework\src\Illuminate\Pipeline\Pipeline.php(139): call_user_func(Object(Closure), Object(Illuminate\Http\Request))
#7 [internal function]: Illuminate\Pipeline\Pipeline->Illuminate\Pipeline\{closure}(Object(Illuminate\Http\Request))
#8 G:\WWW\laravel_study\vendor\laravel\framework\src\Illuminate\Pipeline\Pipeline.php(103): call_user_func(Object(Closure), Object(Illuminate\Http\Request))
#9 G:\WWW\laravel_study\vendor\laravel\framework\src\Illuminate\Routing\Router.php(706): Illuminate\Pipeline\Pipeline->then(Object(Closure))
#10 G:\WWW\laravel_study\vendor\laravel\framework\src\Illuminate\Routing\Router.php(671): Illuminate\Routing\Router->runRouteWithinStack(Object(Illuminate\Routing\Route), Object(Illuminate\Http\Request))
#11 G:\WWW\laravel_study\vendor\laravel\framework\src\Illuminate\Routing\Router.php(631): Illuminate\Routing\Router->dispatchToRoute(Object(Illuminate\Http\Request))
#12 G:\WWW\laravel_study\vendor\laravel\framework\src\Illuminate\Foundation\Http\Kernel.php(236): Illuminate\Routing\Router->dispatch(Object(Illuminate\Http\Request))
#13 [internal function]: Illuminate\Foundation\Http\Kernel->Illuminate\Foundation\Http\{closure}(Object(Illuminate\Http\Request))
#14 G:\WWW\laravel_study\vendor\laravel\framework\src\Illuminate\Pipeline\Pipeline.php(139): call_user_func(Object(Closure), Object(Illuminate\Http\Request))
#15 G:\WWW\laravel_study\vendor\laravel\framework\src\Illuminate\Foundation\Http\Middleware\VerifyCsrfToken.php(50): Illuminate\Pipeline\Pipeline->Illuminate\Pipeline\{closure}(Object(Illuminate\Http\Request))
#16 [internal function]: Illuminate\Foundation\Http\Middleware\VerifyCsrfToken->handle(Object(Illuminate\Http\Request), Object(Closure))
#17 G:\WWW\laravel_study\vendor\laravel\framework\src\Illuminate\Pipeline\Pipeline.php(124): call_user_func_array(Array, Array)
#18 G:\WWW\laravel_study\vendor\laravel\framework\src\Illuminate\View\Middleware\ShareErrorsFromSession.php(54): Illuminate\Pipeline\Pipeline->Illuminate\Pipeline\{closure}(Object(Illuminate\Http\Request))
#19 [internal function]: Illuminate\View\Middleware\ShareErrorsFromSession->handle(Object(Illuminate\Http\Request), Object(Closure))
#20 G:\WWW\laravel_study\vendor\laravel\framework\src\Illuminate\Pipeline\Pipeline.php(124): call_user_func_array(Array, Array)
#21 G:\WWW\laravel_study\vendor\laravel\framework\src\Illuminate\Session\Middleware\StartSession.php(62): Illuminate\Pipeline\Pipeline->Illuminate\Pipeline\{closure}(Object(Illuminate\Http\Request))
#22 [internal function]: Illuminate\Session\Middleware\StartSession->handle(Object(Illuminate\Http\Request), Object(Closure))
#23 G:\WWW\laravel_study\vendor\laravel\framework\src\Illuminate\Pipeline\Pipeline.php(124): call_user_func_array(Array, Array)
#24 G:\WWW\laravel_study\vendor\laravel\framework\src\Illuminate\Cookie\Middleware\AddQueuedCookiesToResponse.php(37): Illuminate\Pipeline\Pipeline->Illuminate\Pipeline\{closure}(Object(Illuminate\Http\Request))
#25 [internal function]: Illuminate\Cookie\Middleware\AddQueuedCookiesToResponse->handle(Object(Illuminate\Http\Request), Object(Closure))
#26 G:\WWW\laravel_study\vendor\laravel\framework\src\Illuminate\Pipeline\Pipeline.php(124): call_user_func_array(Array, Array)
#27 G:\WWW\laravel_study\vendor\laravel\framework\src\Illuminate\Cookie\Middleware\EncryptCookies.php(59): Illuminate\Pipeline\Pipeline->Illuminate\Pipeline\{closure}(Object(Illuminate\Http\Request))
#28 [internal function]: Illuminate\Cookie\Middleware\EncryptCookies->handle(Object(Illuminate\Http\Request), Object(Closure))
#29 G:\WWW\laravel_study\vendor\laravel\framework\src\Illuminate\Pipeline\Pipeline.php(124): call_user_func_array(Array, Array)
#30 G:\WWW\laravel_study\vendor\laravel\framework\src\Illuminate\Foundation\Http\Middleware\CheckForMaintenanceMode.php(42): Illuminate\Pipeline\Pipeline->Illuminate\Pipeline\{closure}(Object(Illuminate\Http\Request))
#31 [internal function]: Illuminate\Foundation\Http\Middleware\CheckForMaintenanceMode->handle(Object(Illuminate\Http\Request), Object(Closure))
#32 G:\WWW\laravel_study\vendor\laravel\framework\src\Illuminate\Pipeline\Pipeline.php(124): call_user_func_array(Array, Array)
#33 [internal function]: Illuminate\Pipeline\Pipeline->Illuminate\Pipeline\{closure}(Object(Illuminate\Http\Request))
#34 G:\WWW\laravel_study\vendor\laravel\framework\src\Illuminate\Pipeline\Pipeline.php(103): call_user_func(Object(Closure), Object(Illuminate\Http\Request))
#35 G:\WWW\laravel_study\vendor\laravel\framework\src\Illuminate\Foundation\Http\Kernel.php(122): Illuminate\Pipeline\Pipeline->then(Object(Closure))
#36 G:\WWW\laravel_study\vendor\laravel\framework\src\Illuminate\Foundation\Http\Kernel.php(87): Illuminate\Foundation\Http\Kernel->sendRequestThroughRouter(Object(Illuminate\Http\Request))
#37 G:\WWW\laravel_study\public\index.php(54): Illuminate\Foundation\Http\Kernel->handle(Object(Illuminate\Http\Request))
#38 G:\WWW\laravel_study\server.php(21): require_once('G:\\WWW\\laravel_...')
#39 {main}  
[2015-08-10 11:36:29] local.ERROR: exception 'ErrorException' with message 'Undefined variable: id' in G:\WWW\laravel_study\app\Http\routes.php:15
Stack trace:
#0 G:\WWW\laravel_study\app\Http\routes.php(15): Illuminate\Foundation\Bootstrap\HandleExceptions->handleError(8, 'Undefined varia...', 'G:\\WWW\\laravel_...', 15, Array)
#1 [internal function]: App\Providers\RouteServiceProvider->{closure}('1')
#2 G:\WWW\laravel_study\vendor\laravel\framework\src\Illuminate\Routing\Route.php(155): call_user_func_array(Object(Closure), Array)
#3 G:\WWW\laravel_study\vendor\laravel\framework\src\Illuminate\Routing\Route.php(130): Illuminate\Routing\Route->runCallable(Object(Illuminate\Http\Request))
#4 G:\WWW\laravel_study\vendor\laravel\framework\src\Illuminate\Routing\Router.php(704): Illuminate\Routing\Route->run(Object(Illuminate\Http\Request))
#5 [internal function]: Illuminate\Routing\Router->Illuminate\Routing\{closure}(Object(Illuminate\Http\Request))
#6 G:\WWW\laravel_study\vendor\laravel\framework\src\Illuminate\Pipeline\Pipeline.php(139): call_user_func(Object(Closure), Object(Illuminate\Http\Request))
#7 [internal function]: Illuminate\Pipeline\Pipeline->Illuminate\Pipeline\{closure}(Object(Illuminate\Http\Request))
#8 G:\WWW\laravel_study\vendor\laravel\framework\src\Illuminate\Pipeline\Pipeline.php(103): call_user_func(Object(Closure), Object(Illuminate\Http\Request))
#9 G:\WWW\laravel_study\vendor\laravel\framework\src\Illuminate\Routing\Router.php(706): Illuminate\Pipeline\Pipeline->then(Object(Closure))
#10 G:\WWW\laravel_study\vendor\laravel\framework\src\Illuminate\Routing\Router.php(671): Illuminate\Routing\Router->runRouteWithinStack(Object(Illuminate\Routing\Route), Object(Illuminate\Http\Request))
#11 G:\WWW\laravel_study\vendor\laravel\framework\src\Illuminate\Routing\Router.php(631): Illuminate\Routing\Router->dispatchToRoute(Object(Illuminate\Http\Request))
#12 G:\WWW\laravel_study\vendor\laravel\framework\src\Illuminate\Foundation\Http\Kernel.php(236): Illuminate\Routing\Router->dispatch(Object(Illuminate\Http\Request))
#13 [internal function]: Illuminate\Foundation\Http\Kernel->Illuminate\Foundation\Http\{closure}(Object(Illuminate\Http\Request))
#14 G:\WWW\laravel_study\vendor\laravel\framework\src\Illuminate\Pipeline\Pipeline.php(139): call_user_func(Object(Closure), Object(Illuminate\Http\Request))
#15 G:\WWW\laravel_study\vendor\laravel\framework\src\Illuminate\Foundation\Http\Middleware\VerifyCsrfToken.php(50): Illuminate\Pipeline\Pipeline->Illuminate\Pipeline\{closure}(Object(Illuminate\Http\Request))
#16 [internal function]: Illuminate\Foundation\Http\Middleware\VerifyCsrfToken->handle(Object(Illuminate\Http\Request), Object(Closure))
#17 G:\WWW\laravel_study\vendor\laravel\framework\src\Illuminate\Pipeline\Pipeline.php(124): call_user_func_array(Array, Array)
#18 G:\WWW\laravel_study\vendor\laravel\framework\src\Illuminate\View\Middleware\ShareErrorsFromSession.php(54): Illuminate\Pipeline\Pipeline->Illuminate\Pipeline\{closure}(Object(Illuminate\Http\Request))
#19 [internal function]: Illuminate\View\Middleware\ShareErrorsFromSession->handle(Object(Illuminate\Http\Request), Object(Closure))
#20 G:\WWW\laravel_study\vendor\laravel\framework\src\Illuminate\Pipeline\Pipeline.php(124): call_user_func_array(Array, Array)
#21 G:\WWW\laravel_study\vendor\laravel\framework\src\Illuminate\Session\Middleware\StartSession.php(62): Illuminate\Pipeline\Pipeline->Illuminate\Pipeline\{closure}(Object(Illuminate\Http\Request))
#22 [internal function]: Illuminate\Session\Middleware\StartSession->handle(Object(Illuminate\Http\Request), Object(Closure))
#23 G:\WWW\laravel_study\vendor\laravel\framework\src\Illuminate\Pipeline\Pipeline.php(124): call_user_func_array(Array, Array)
#24 G:\WWW\laravel_study\vendor\laravel\framework\src\Illuminate\Cookie\Middleware\AddQueuedCookiesToResponse.php(37): Illuminate\Pipeline\Pipeline->Illuminate\Pipeline\{closure}(Object(Illuminate\Http\Request))
#25 [internal function]: Illuminate\Cookie\Middleware\AddQueuedCookiesToResponse->handle(Object(Illuminate\Http\Request), Object(Closure))
#26 G:\WWW\laravel_study\vendor\laravel\framework\src\Illuminate\Pipeline\Pipeline.php(124): call_user_func_array(Array, Array)
#27 G:\WWW\laravel_study\vendor\laravel\framework\src\Illuminate\Cookie\Middleware\EncryptCookies.php(59): Illuminate\Pipeline\Pipeline->Illuminate\Pipeline\{closure}(Object(Illuminate\Http\Request))
#28 [internal function]: Illuminate\Cookie\Middleware\EncryptCookies->handle(Object(Illuminate\Http\Request), Object(Closure))
#29 G:\WWW\laravel_study\vendor\laravel\framework\src\Illuminate\Pipeline\Pipeline.php(124): call_user_func_array(Array, Array)
#30 G:\WWW\laravel_study\vendor\laravel\framework\src\Illuminate\Foundation\Http\Middleware\CheckForMaintenanceMode.php(42): Illuminate\Pipeline\Pipeline->Illuminate\Pipeline\{closure}(Object(Illuminate\Http\Request))
#31 [internal function]: Illuminate\Foundation\Http\Middleware\CheckForMaintenanceMode->handle(Object(Illuminate\Http\Request), Object(Closure))
#32 G:\WWW\laravel_study\vendor\laravel\framework\src\Illuminate\Pipeline\Pipeline.php(124): call_user_func_array(Array, Array)
#33 [internal function]: Illuminate\Pipeline\Pipeline->Illuminate\Pipeline\{closure}(Object(Illuminate\Http\Request))
#34 G:\WWW\laravel_study\vendor\laravel\framework\src\Illuminate\Pipeline\Pipeline.php(103): call_user_func(Object(Closure), Object(Illuminate\Http\Request))
#35 G:\WWW\laravel_study\vendor\laravel\framework\src\Illuminate\Foundation\Http\Kernel.php(122): Illuminate\Pipeline\Pipeline->then(Object(Closure))
#36 G:\WWW\laravel_study\vendor\laravel\framework\src\Illuminate\Foundation\Http\Kernel.php(87): Illuminate\Foundation\Http\Kernel->sendRequestThroughRouter(Object(Illuminate\Http\Request))
#37 G:\WWW\laravel_study\public\index.php(54): Illuminate\Foundation\Http\Kernel->handle(Object(Illuminate\Http\Request))
#38 G:\WWW\laravel_study\server.php(21): require_once('G:\\WWW\\laravel_...')
#39 {main}  
[2015-08-10 11:43:13] local.ERROR: exception 'Symfony\Component\Debug\Exception\FatalErrorException' with message 'syntax error, unexpected end of file' in G:\WWW\laravel_study\app\Http\routes.php:21
Stack trace:
#0 {main}  
[2015-08-10 11:53:35] local.ERROR: exception 'Symfony\Component\Debug\Exception\FatalErrorException' with message 'syntax error, unexpected ','' in G:\WWW\laravel_study\app\Http\routes.php:13
Stack trace:
#0 {main}  
[2015-08-10 11:53:49] local.ERROR: exception 'Symfony\Component\Debug\Exception\FatalErrorException' with message 'syntax error, unexpected ','' in G:\WWW\laravel_study\app\Http\routes.php:13
Stack trace:
#0 {main}  
[2015-08-10 11:54:58] local.ERROR: exception 'ErrorException' with message 'Argument 1 passed to Illuminate\Routing\Router::group() must be of the type array, string given, called in G:\WWW\laravel_study\vendor\laravel\framework\src\Illuminate\Support\Facades\Facade.php on line 213 and defined' in G:\WWW\laravel_study\vendor\laravel\framework\src\Illuminate\Routing\Router.php:343
Stack trace:
#0 G:\WWW\laravel_study\vendor\laravel\framework\src\Illuminate\Routing\Router.php(343): Illuminate\Foundation\Bootstrap\HandleExceptions->handleError(4096, 'Argument 1 pass...', 'G:\\WWW\\laravel_...', 343, Array)
#1 G:\WWW\laravel_study\vendor\laravel\framework\src\Illuminate\Support\Facades\Facade.php(213): Illuminate\Routing\Router->group('/try', Object(Closure))
#2 G:\WWW\laravel_study\app\Http\routes.php(18): Illuminate\Support\Facades\Facade::__callStatic('group', Array)
#3 G:\WWW\laravel_study\app\Http\routes.php(18): Illuminate\Support\Facades\Route::group('/try', Object(Closure))
#4 G:\WWW\laravel_study\app\Providers\RouteServiceProvider.php(41): require('G:\\WWW\\laravel_...')
#5 [internal function]: App\Providers\RouteServiceProvider->App\Providers\{closure}(Object(Illuminate\Routing\Router))
#6 G:\WWW\laravel_study\vendor\laravel\framework\src\Illuminate\Routing\Router.php(350): call_user_func(Object(Closure), Object(Illuminate\Routing\Router))
#7 G:\WWW\laravel_study\app\Providers\RouteServiceProvider.php(42): Illuminate\Routing\Router->group(Array, Object(Closure))
#8 [internal function]: App\Providers\RouteServiceProvider->map(Object(Illuminate\Routing\Router))
#9 G:\WWW\laravel_study\vendor\laravel\framework\src\Illuminate\Container\Container.php(502): call_user_func_array(Array, Array)
#10 G:\WWW\laravel_study\vendor\laravel\framework\src\Illuminate\Foundation\Support\Providers\RouteServiceProvider.php(68): Illuminate\Container\Container->call(Array)
#11 G:\WWW\laravel_study\vendor\laravel\framework\src\Illuminate\Foundation\Support\Providers\RouteServiceProvider.php(30): Illuminate\Foundation\Support\Providers\RouteServiceProvider->loadRoutes()
#12 G:\WWW\laravel_study\app\Providers\RouteServiceProvider.php(29): Illuminate\Foundation\Support\Providers\RouteServiceProvider->boot(Object(Illuminate\Routing\Router))
#13 [internal function]: App\Providers\RouteServiceProvider->boot(Object(Illuminate\Routing\Router))
#14 G:\WWW\laravel_study\vendor\laravel\framework\src\Illuminate\Container\Container.php(502): call_user_func_array(Array, Array)
#15 G:\WWW\laravel_study\vendor\laravel\framework\src\Illuminate\Foundation\Application.php(734): Illuminate\Container\Container->call(Array)
#16 G:\WWW\laravel_study\vendor\laravel\framework\src\Illuminate\Foundation\Application.php(717): Illuminate\Foundation\Application->bootProvider(Object(App\Providers\RouteServiceProvider))
#17 [internal function]: Illuminate\Foundation\Application->Illuminate\Foundation\{closure}(Object(App\Providers\RouteServiceProvider), 16)
#18 G:\WWW\laravel_study\vendor\laravel\framework\src\Illuminate\Foundation\Application.php(718): array_walk(Array, Object(Closure))
#19 G:\WWW\laravel_study\vendor\laravel\framework\src\Illuminate\Foundation\Bootstrap\BootProviders.php(17): Illuminate\Foundation\Application->boot()
#20 G:\WWW\laravel_study\vendor\laravel\framework\src\Illuminate\Foundation\Application.php(203): Illuminate\Foundation\Bootstrap\BootProviders->bootstrap(Object(Illuminate\Foundation\Application))
#21 G:\WWW\laravel_study\vendor\laravel\framework\src\Illuminate\Foundation\Http\Kernel.php(222): Illuminate\Foundation\Application->bootstrapWith(Array)
#22 G:\WWW\laravel_study\vendor\laravel\framework\src\Illuminate\Foundation\Http\Kernel.php(117): Illuminate\Foundation\Http\Kernel->bootstrap()
#23 G:\WWW\laravel_study\vendor\laravel\framework\src\Illuminate\Foundation\Http\Kernel.php(87): Illuminate\Foundation\Http\Kernel->sendRequestThroughRouter(Object(Illuminate\Http\Request))
#24 G:\WWW\laravel_study\public\index.php(54): Illuminate\Foundation\Http\Kernel->handle(Object(Illuminate\Http\Request))
#25 G:\WWW\laravel_study\server.php(21): require_once('G:\\WWW\\laravel_...')
#26 {main}  
[2015-08-10 11:57:10] local.ERROR: exception 'Symfony\Component\Debug\Exception\FatalErrorException' with message 'syntax error, unexpected ','' in G:\WWW\laravel_study\app\Http\routes.php:18
Stack trace:
#0 {main}  
[2015-08-10 11:57:20] local.ERROR: exception 'Symfony\Component\Debug\Exception\FatalErrorException' with message 'syntax error, unexpected ','' in G:\WWW\laravel_study\app\Http\routes.php:18
Stack trace:
#0 {main}  
[2015-08-10 11:57:33] local.ERROR: exception 'Symfony\Component\Debug\Exception\FatalErrorException' with message 'syntax error, unexpected ','' in G:\WWW\laravel_study\app\Http\routes.php:18
Stack trace:
#0 {main}  
[2015-08-10 12:25:11] local.ERROR: exception 'InvalidArgumentException' with message 'Route [first] not defined.' in G:\WWW\laravel_study\vendor\laravel\framework\src\Illuminate\Routing\UrlGenerator.php:278
Stack trace:
#0 G:\WWW\laravel_study\vendor\laravel\framework\src\Illuminate\Foundation\helpers.php(477): Illuminate\Routing\UrlGenerator->route('first', Array, true, NULL)
#1 G:\WWW\laravel_study\app\Http\Controllers\test\testController.php(19): route('first')
#2 [internal function]: App\Http\Controllers\test\testController->getIndex()
#3 G:\WWW\laravel_study\vendor\laravel\framework\src\Illuminate\Routing\Controller.php(256): call_user_func_array(Array, Array)
#4 G:\WWW\laravel_study\vendor\laravel\framework\src\Illuminate\Routing\ControllerDispatcher.php(164): Illuminate\Routing\Controller->callAction('getIndex', Array)
#5 G:\WWW\laravel_study\vendor\laravel\framework\src\Illuminate\Routing\ControllerDispatcher.php(112): Illuminate\Routing\ControllerDispatcher->call(Object(App\Http\Controllers\test\testController), Object(Illuminate\Routing\Route), 'getIndex')
#6 [internal function]: Illuminate\Routing\ControllerDispatcher->Illuminate\Routing\{closure}(Object(Illuminate\Http\Request))
#7 G:\WWW\laravel_study\vendor\laravel\framework\src\Illuminate\Pipeline\Pipeline.php(139): call_user_func(Object(Closure), Object(Illuminate\Http\Request))
#8 [internal function]: Illuminate\Pipeline\Pipeline->Illuminate\Pipeline\{closure}(Object(Illuminate\Http\Request))
#9 G:\WWW\laravel_study\vendor\laravel\framework\src\Illuminate\Pipeline\Pipeline.php(103): call_user_func(Object(Closure), Object(Illuminate\Http\Request))
#10 G:\WWW\laravel_study\vendor\laravel\framework\src\Illuminate\Routing\ControllerDispatcher.php(114): Illuminate\Pipeline\Pipeline->then(Object(Closure))
#11 G:\WWW\laravel_study\vendor\laravel\framework\src\Illuminate\Routing\ControllerDispatcher.php(69): Illuminate\Routing\ControllerDispatcher->callWithinStack(Object(App\Http\Controllers\test\testController), Object(Illuminate\Routing\Route), Object(Illuminate\Http\Request), 'getIndex')
#12 G:\WWW\laravel_study\vendor\laravel\framework\src\Illuminate\Routing\Route.php(201): Illuminate\Routing\ControllerDispatcher->dispatch(Object(Illuminate\Routing\Route), Object(Illuminate\Http\Request), 'App\\Http\\Contro...', 'getIndex')
#13 G:\WWW\laravel_study\vendor\laravel\framework\src\Illuminate\Routing\Route.php(134): Illuminate\Routing\Route->runWithCustomDispatcher(Object(Illuminate\Http\Request))
#14 G:\WWW\laravel_study\vendor\laravel\framework\src\Illuminate\Routing\Router.php(704): Illuminate\Routing\Route->run(Object(Illuminate\Http\Request))
#15 [internal function]: Illuminate\Routing\Router->Illuminate\Routing\{closure}(Object(Illuminate\Http\Request))
#16 G:\WWW\laravel_study\vendor\laravel\framework\src\Illuminate\Pipeline\Pipeline.php(139): call_user_func(Object(Closure), Object(Illuminate\Http\Request))
#17 [internal function]: Illuminate\Pipeline\Pipeline->Illuminate\Pipeline\{closure}(Object(Illuminate\Http\Request))
#18 G:\WWW\laravel_study\vendor\laravel\framework\src\Illuminate\Pipeline\Pipeline.php(103): call_user_func(Object(Closure), Object(Illuminate\Http\Request))
#19 G:\WWW\laravel_study\vendor\laravel\framework\src\Illuminate\Routing\Router.php(706): Illuminate\Pipeline\Pipeline->then(Object(Closure))
#20 G:\WWW\laravel_study\vendor\laravel\framework\src\Illuminate\Routing\Router.php(671): Illuminate\Routing\Router->runRouteWithinStack(Object(Illuminate\Routing\Route), Object(Illuminate\Http\Request))
#21 G:\WWW\laravel_study\vendor\laravel\framework\src\Illuminate\Routing\Router.php(631): Illuminate\Routing\Router->dispatchToRoute(Object(Illuminate\Http\Request))
#22 G:\WWW\laravel_study\vendor\laravel\framework\src\Illuminate\Foundation\Http\Kernel.php(236): Illuminate\Routing\Router->dispatch(Object(Illuminate\Http\Request))
#23 [internal function]: Illuminate\Foundation\Http\Kernel->Illuminate\Foundation\Http\{closure}(Object(Illuminate\Http\Request))
#24 G:\WWW\laravel_study\vendor\laravel\framework\src\Illuminate\Pipeline\Pipeline.php(139): call_user_func(Object(Closure), Object(Illuminate\Http\Request))
#25 G:\WWW\laravel_study\vendor\laravel\framework\src\Illuminate\Foundation\Http\Middleware\VerifyCsrfToken.php(50): Illuminate\Pipeline\Pipeline->Illuminate\Pipeline\{closure}(Object(Illuminate\Http\Request))
#26 [internal function]: Illuminate\Foundation\Http\Middleware\VerifyCsrfToken->handle(Object(Illuminate\Http\Request), Object(Closure))
#27 G:\WWW\laravel_study\vendor\laravel\framework\src\Illuminate\Pipeline\Pipeline.php(124): call_user_func_array(Array, Array)
#28 G:\WWW\laravel_study\vendor\laravel\framework\src\Illuminate\View\Middleware\ShareErrorsFromSession.php(54): Illuminate\Pipeline\Pipeline->Illuminate\Pipeline\{closure}(Object(Illuminate\Http\Request))
#29 [internal function]: Illuminate\View\Middleware\ShareErrorsFromSession->handle(Object(Illuminate\Http\Request), Object(Closure))
#30 G:\WWW\laravel_study\vendor\laravel\framework\src\Illuminate\Pipeline\Pipeline.php(124): call_user_func_array(Array, Array)
#31 G:\WWW\laravel_study\vendor\laravel\framework\src\Illuminate\Session\Middleware\StartSession.php(62): Illuminate\Pipeline\Pipeline->Illuminate\Pipeline\{closure}(Object(Illuminate\Http\Request))
#32 [internal function]: Illuminate\Session\Middleware\StartSession->handle(Object(Illuminate\Http\Request), Object(Closure))
#33 G:\WWW\laravel_study\vendor\laravel\framework\src\Illuminate\Pipeline\Pipeline.php(124): call_user_func_array(Array, Array)
#34 G:\WWW\laravel_study\vendor\laravel\framework\src\Illuminate\Cookie\Middleware\AddQueuedCookiesToResponse.php(37): Illuminate\Pipeline\Pipeline->Illuminate\Pipeline\{closure}(Object(Illuminate\Http\Request))
#35 [internal function]: Illuminate\Cookie\Middleware\AddQueuedCookiesToResponse->handle(Object(Illuminate\Http\Request), Object(Closure))
#36 G:\WWW\laravel_study\vendor\laravel\framework\src\Illuminate\Pipeline\Pipeline.php(124): call_user_func_array(Array, Array)
#37 G:\WWW\laravel_study\vendor\laravel\framework\src\Illuminate\Cookie\Middleware\EncryptCookies.php(59): Illuminate\Pipeline\Pipeline->Illuminate\Pipeline\{closure}(Object(Illuminate\Http\Request))
#38 [internal function]: Illuminate\Cookie\Middleware\EncryptCookies->handle(Object(Illuminate\Http\Request), Object(Closure))
#39 G:\WWW\laravel_study\vendor\laravel\framework\src\Illuminate\Pipeline\Pipeline.php(124): call_user_func_array(Array, Array)
#40 G:\WWW\laravel_study\vendor\laravel\framework\src\Illuminate\Foundation\Http\Middleware\CheckForMaintenanceMode.php(42): Illuminate\Pipeline\Pipeline->Illuminate\Pipeline\{closure}(Object(Illuminate\Http\Request))
#41 [internal function]: Illuminate\Foundation\Http\Middleware\CheckForMaintenanceMode->handle(Object(Illuminate\Http\Request), Object(Closure))
#42 G:\WWW\laravel_study\vendor\laravel\framework\src\Illuminate\Pipeline\Pipeline.php(124): call_user_func_array(Array, Array)
#43 [internal function]: Illuminate\Pipeline\Pipeline->Illuminate\Pipeline\{closure}(Object(Illuminate\Http\Request))
#44 G:\WWW\laravel_study\vendor\laravel\framework\src\Illuminate\Pipeline\Pipeline.php(103): call_user_func(Object(Closure), Object(Illuminate\Http\Request))
#45 G:\WWW\laravel_study\vendor\laravel\framework\src\Illuminate\Foundation\Http\Kernel.php(122): Illuminate\Pipeline\Pipeline->then(Object(Closure))
#46 G:\WWW\laravel_study\vendor\laravel\framework\src\Illuminate\Foundation\Http\Kernel.php(87): Illuminate\Foundation\Http\Kernel->sendRequestThroughRouter(Object(Illuminate\Http\Request))
#47 G:\WWW\laravel_study\public\index.php(54): Illuminate\Foundation\Http\Kernel->handle(Object(Illuminate\Http\Request))
#48 G:\WWW\laravel_study\server.php(21): require_once('G:\\WWW\\laravel_...')
#49 {main}  
